2025-04-04 09:12:18.043255 - Received CBT.V508.FILE404.PDS from FILE404.XMI 
2025-04-04 09:12:18.047948 - Found $$$#DATE.txt (text/plain) in CBT.V508.FILE404.PDS, moved to PDS/$$$#DATE
2025-04-04 09:12:18.048125 - Found $$$INDEX.txt (text/plain) in CBT.V508.FILE404.PDS, moved to PDS/$$$INDEX
2025-04-04 09:12:18.048277 - Found $$$NOTE0.txt (text/plain) in CBT.V508.FILE404.PDS, moved to PDS/$$$NOTE0
2025-04-04 09:12:18.048417 - Found $$$NOTE1.eml (message/rfc822) in CBT.V508.FILE404.PDS, moved to PDS/$$$NOTE1
2025-04-04 09:12:18.048542 - Found $$ENHANC.txt (text/plain) in CBT.V508.FILE404.PDS, moved to PDS/$$ENHANC
2025-04-04 09:12:18.048667 - Found $$NOTE1.txt (text/plain) in CBT.V508.FILE404.PDS, moved to PDS/$$NOTE1
2025-04-04 09:12:18.048893 - Found $$NOTE2.txt (text/plain) in CBT.V508.FILE404.PDS, moved to PDS/$$NOTE2
2025-04-04 09:12:18.049105 - Found $$NOTE3.eml (message/rfc822) in CBT.V508.FILE404.PDS, moved to PDS/$$NOTE3
2025-04-04 09:12:18.049256 - Found $$NOTE4.eml (message/rfc822) in CBT.V508.FILE404.PDS, moved to PDS/$$NOTE4
2025-04-04 09:12:18.049384 - Found $$NOTE5.eml (message/rfc822) in CBT.V508.FILE404.PDS, moved to PDS/$$NOTE5
2025-04-04 09:12:18.049510 - Found $$NOTE6.eml (message/rfc822) in CBT.V508.FILE404.PDS, moved to PDS/$$NOTE6
2025-04-04 09:12:18.051044 - Found $$PREZ18.bin (application/octet-stream) in CBT.V508.FILE404.PDS, moved to PDS/$$PREZ18
2025-04-04 09:12:18.051267 - Found $$SPMON.txt (text/plain) in CBT.V508.FILE404.PDS, moved to PDS/$$SPMON
2025-04-04 09:12:18.051411 - Found $$43AGCO.txt (text/plain) in CBT.V508.FILE404.PDS, moved to PDS/$$43AGCO
2025-04-04 09:12:18.051541 - Found $$43P$GD.txt (text/plain) in CBT.V508.FILE404.PDS, moved to PDS/$$43P$GD
2025-04-04 09:12:18.051670 - Found $EEJNOTE.txt (text/plain) in CBT.V508.FILE404.PDS, moved to PDS/$EEJNOTE
2025-04-04 09:12:18.051842 - Found $EEJSUPC.xmi (application/xmit) in CBT.V508.FILE404.PDS, moved to PDS/$EEJSUPC.xmi
2025-04-04 09:12:18.096661 - Received EDJXADM.TSSO.SUPERC.LIST from $EEJSUPC.xmi 
2025-04-04 09:12:18.096946 - Found EDJXADM.TSSO.SUPERC.LIST.txt (text/plain), moved to $EEJSUPC/EDJXADM.TSSO.SUPERC.LIST
2025-04-04 09:12:18.097282 - Found $ENDOFDA.jcl (text/plain) in CBT.V508.FILE404.PDS, moved to PDS/$ENDOFDA
2025-04-04 09:12:18.097440 - Found $FIXZ18.txt (text/plain) in CBT.V508.FILE404.PDS, moved to PDS/$FIXZ18
2025-04-04 09:12:18.097565 - Found $FXZOS18.txt (text/plain) in CBT.V508.FILE404.PDS, moved to PDS/$FXZOS18
2025-04-04 09:12:18.097685 - Found $PAYROLL.jcl (text/plain) in CBT.V508.FILE404.PDS, moved to PDS/$PAYROLL
2025-04-04 09:12:18.097816 - Found $PDSLOAD.jcl (text/plain) in CBT.V508.FILE404.PDS, moved to PDS/$PDSLOAD
2025-04-04 09:12:18.097962 - Found $PVWNOTE.txt (text/plain) in CBT.V508.FILE404.PDS, moved to PDS/$PVWNOTE
2025-04-04 09:12:18.098170 - Found $TSSODOC.doc (application/msword) in CBT.V508.FILE404.PDS, moved to docs/$TSSODOC.doc
2025-04-04 09:12:18.098328 - Found @FILE404.txt (text/plain) in CBT.V508.FILE404.PDS, moved to PDS/@FILE404
2025-04-04 09:12:18.098458 - Found AGCOASM.jcl (text/plain) in CBT.V508.FILE404.PDS, moved to PDS/AGCOASM
2025-04-04 09:12:18.098579 - Found ALOCCACH.txt (text/plain) in CBT.V508.FILE404.PDS, moved to PDS/ALOCCACH
2025-04-04 09:12:18.098693 - Found ALTAOF.txt (text/plain) in CBT.V508.FILE404.PDS, moved to PDS/ALTAOF
2025-04-04 09:12:18.098851 - Found AOFBATH.txt (text/plain) in CBT.V508.FILE404.PDS, moved to PDS/AOFBATH
2025-04-04 09:12:18.098972 - Found AOFIVP.txt (text/plain) in CBT.V508.FILE404.PDS, moved to PDS/AOFIVP
2025-04-04 09:12:18.099370 - Found AOFSEAG.txt (text/plain) in CBT.V508.FILE404.PDS, moved to PDS/AOFSEAG
2025-04-04 09:12:18.099597 - Found APFLIB.xmi (application/xmit) in CBT.V508.FILE404.PDS, moved to PDS/APFLIB.xmi
2025-04-04 09:12:18.141521 - Received JOARMC.TSSO431.APFLIB from APFLIB.xmi 
2025-04-04 09:12:18.142580 - Found ALTAOF.bin (application/octet-stream) in JOARMC.TSSO431.APFLIB, moved to APFLIB/ALTAOF
2025-04-04 09:12:18.142719 - Found CACHE.bin (application/octet-stream) in JOARMC.TSSO431.APFLIB, moved to APFLIB/CACHE
2025-04-04 09:12:18.142852 - Found CPCMD.bin (application/octet-stream) in JOARMC.TSSO431.APFLIB, moved to APFLIB/CPCMD
2025-04-04 09:12:18.142993 - Found DISPAOF.bin (application/octet-stream) in JOARMC.TSSO431.APFLIB, moved to APFLIB/DISPAOF
2025-04-04 09:12:18.143119 - Found EF.bin (application/octet-stream) in JOARMC.TSSO431.APFLIB, moved to APFLIB/EF
2025-04-04 09:12:18.143249 - Found JCECVT.bin (application/octet-stream) in JOARMC.TSSO431.APFLIB, moved to APFLIB/JCECVT
2025-04-04 09:12:18.143382 - Found LIONRPLY.bin (application/octet-stream) in JOARMC.TSSO431.APFLIB, moved to APFLIB/LIONRPLY
2025-04-04 09:12:18.143502 - Found MULT.bin (application/octet-stream) in JOARMC.TSSO431.APFLIB, moved to APFLIB/MULT
2025-04-04 09:12:18.143626 - Found OPCMDMSG.bin (application/octet-stream) in JOARMC.TSSO431.APFLIB, moved to APFLIB/OPCMDMSG
2025-04-04 09:12:18.143749 - Found OSASK.bin (application/octet-stream) in JOARMC.TSSO431.APFLIB, moved to APFLIB/OSASK
2025-04-04 09:12:18.143885 - Found OSCMD.bin (application/octet-stream) in JOARMC.TSSO431.APFLIB, moved to APFLIB/OSCMD
2025-04-04 09:12:18.144003 - Found OSCMDATH.bin (application/octet-stream) in JOARMC.TSSO431.APFLIB, moved to APFLIB/OSCMDATH
2025-04-04 09:12:18.144119 - Found OSPAUSE.bin (application/octet-stream) in JOARMC.TSSO431.APFLIB, moved to APFLIB/OSPAUSE
2025-04-04 09:12:18.144258 - Found OSWAIT.bin (application/octet-stream) in JOARMC.TSSO431.APFLIB, moved to APFLIB/OSWAIT
2025-04-04 09:12:18.144379 - Found OSWAITRC.bin (application/octet-stream) in JOARMC.TSSO431.APFLIB, moved to APFLIB/OSWAITRC
2025-04-04 09:12:18.144496 - Found OSWTO.bin (application/octet-stream) in JOARMC.TSSO431.APFLIB, moved to APFLIB/OSWTO
2025-04-04 09:12:18.144563 - Found alias OSWTOH to OSWTO in JOARMC.TSSO431.APFLIB, moved to PDS/OSWTOH
2025-04-04 09:12:18.144684 - Found REPLY.bin (application/octet-stream) in JOARMC.TSSO431.APFLIB, moved to APFLIB/REPLY
2025-04-04 09:12:18.144829 - Found REPLYLOA.bin (application/octet-stream) in JOARMC.TSSO431.APFLIB, moved to APFLIB/REPLYLOA
2025-04-04 09:12:18.144954 - Found SPMON.bin (application/octet-stream) in JOARMC.TSSO431.APFLIB, moved to APFLIB/SPMON
2025-04-04 09:12:18.145068 - Found TSSLRACF.bin (application/octet-stream) in JOARMC.TSSO431.APFLIB, moved to APFLIB/TSSLRACF
2025-04-04 09:12:18.145187 - Found TSSO.bin (application/octet-stream) in JOARMC.TSSO431.APFLIB, moved to APFLIB/TSSO
2025-04-04 09:12:18.145317 - Found TSSOCCMD.bin (application/octet-stream) in JOARMC.TSSO431.APFLIB, moved to APFLIB/TSSOCCMD
2025-04-04 09:12:18.145466 - Found TSSODOCM.bin (application/octet-stream) in JOARMC.TSSO431.APFLIB, moved to APFLIB/TSSODOCM
2025-04-04 09:12:18.145586 - Found TSSOESTA.bin (application/octet-stream) in JOARMC.TSSO431.APFLIB, moved to APFLIB/TSSOESTA
2025-04-04 09:12:18.145708 - Found TSSOGAPF.bin (application/octet-stream) in JOARMC.TSSO431.APFLIB, moved to APFLIB/TSSOGAPF
2025-04-04 09:12:18.145826 - Found TSSOGSSC.bin (application/octet-stream) in JOARMC.TSSO431.APFLIB, moved to APFLIB/TSSOGSSC
2025-04-04 09:12:18.145945 - Found TSSOINIT.bin (application/octet-stream) in JOARMC.TSSO431.APFLIB, moved to APFLIB/TSSOINIT
2025-04-04 09:12:18.146058 - Found TSSOINI1.bin (application/octet-stream) in JOARMC.TSSO431.APFLIB, moved to APFLIB/TSSOINI1
2025-04-04 09:12:18.146172 - Found TSSOINI2.bin (application/octet-stream) in JOARMC.TSSO431.APFLIB, moved to APFLIB/TSSOINI2
2025-04-04 09:12:18.146302 - Found TSSOINI3.bin (application/octet-stream) in JOARMC.TSSO431.APFLIB, moved to APFLIB/TSSOINI3
2025-04-04 09:12:18.146436 - Found TSSOINI4.bin (application/octet-stream) in JOARMC.TSSO431.APFLIB, moved to APFLIB/TSSOINI4
2025-04-04 09:12:18.146551 - Found TSSOINI5.bin (application/octet-stream) in JOARMC.TSSO431.APFLIB, moved to APFLIB/TSSOINI5
2025-04-04 09:12:18.146671 - Found TSSOLAOF.bin (application/octet-stream) in JOARMC.TSSO431.APFLIB, moved to APFLIB/TSSOLAOF
2025-04-04 09:12:18.146790 - Found TSSOMAIN.bin (application/octet-stream) in JOARMC.TSSO431.APFLIB, moved to APFLIB/TSSOMAIN
2025-04-04 09:12:18.146905 - Found TSSOPARS.bin (application/octet-stream) in JOARMC.TSSO431.APFLIB, moved to APFLIB/TSSOPARS
2025-04-04 09:12:18.147016 - Found TSSOPCMD.bin (application/octet-stream) in JOARMC.TSSO431.APFLIB, moved to APFLIB/TSSOPCMD
2025-04-04 09:12:18.147137 - Found TSSOPREC.bin (application/octet-stream) in JOARMC.TSSO431.APFLIB, moved to APFLIB/TSSOPREC
2025-04-04 09:12:18.147251 - Found TSSORATH.bin (application/octet-stream) in JOARMC.TSSO431.APFLIB, moved to APFLIB/TSSORATH
2025-04-04 09:12:18.147378 - Found TSSOSS09.bin (application/octet-stream) in JOARMC.TSSO431.APFLIB, moved to APFLIB/TSSOSS09
2025-04-04 09:12:18.147504 - Found TSSOSS10.bin (application/octet-stream) in JOARMC.TSSO431.APFLIB, moved to APFLIB/TSSOSS10
2025-04-04 09:12:18.147631 - Found TSSOTERM.bin (application/octet-stream) in JOARMC.TSSO431.APFLIB, moved to APFLIB/TSSOTERM
2025-04-04 09:12:18.147746 - Found TSSOWTO.bin (application/octet-stream) in JOARMC.TSSO431.APFLIB, moved to APFLIB/TSSOWTO
2025-04-04 09:12:18.147862 - Found VALLOC.bin (application/octet-stream) in JOARMC.TSSO431.APFLIB, moved to APFLIB/VALLOC
2025-04-04 09:12:18.147977 - Found VOLSER.bin (application/octet-stream) in JOARMC.TSSO431.APFLIB, moved to APFLIB/VOLSER
2025-04-04 09:12:18.150095 - Found ASMALL.jcl (text/plain) in CBT.V508.FILE404.PDS, moved to PDS/ASMALL
2025-04-04 09:12:18.150231 - Found ASMA9ALL.jcl (text/plain) in CBT.V508.FILE404.PDS, moved to PDS/ASMA9ALL
2025-04-04 09:12:18.150353 - Found ASMA9ONE.jcl (text/plain) in CBT.V508.FILE404.PDS, moved to PDS/ASMA9ONE
2025-04-04 09:12:18.150465 - Found ASMA9ONN.jcl (text/plain) in CBT.V508.FILE404.PDS, moved to PDS/ASMA9ONN
2025-04-04 09:12:18.150578 - Found ASMONE.jcl (text/plain) in CBT.V508.FILE404.PDS, moved to PDS/ASMONE
2025-04-04 09:12:18.150696 - Found ASMTAB.txt (text/plain) in CBT.V508.FILE404.PDS, moved to PDS/ASMTAB
2025-04-04 09:12:18.150817 - Found ASMTABLE.jcl (text/plain) in CBT.V508.FILE404.PDS, moved to PDS/ASMTABLE
2025-04-04 09:12:18.150935 - Found ASMTSSO.jcl (text/plain) in CBT.V508.FILE404.PDS, moved to PDS/ASMTSSO
2025-04-04 09:12:18.151057 - Found BSCAN.txt (text/plain) in CBT.V508.FILE404.PDS, moved to PDS/BSCAN
2025-04-04 09:12:18.151181 - Found CACHE.txt (text/plain) in CBT.V508.FILE404.PDS, moved to PDS/CACHE
2025-04-04 09:12:18.151305 - Found CLISTS.txt (text/plain) in CBT.V508.FILE404.PDS, moved to PDS/CLISTS
2025-04-04 09:12:18.151433 - Found COPYPROC.jcl (text/plain) in CBT.V508.FILE404.PDS, moved to PDS/COPYPROC
2025-04-04 09:12:18.151546 - Found CPCMD.txt (text/plain) in CBT.V508.FILE404.PDS, moved to PDS/CPCMD
2025-04-04 09:12:18.151671 - Found DATAAREA.txt (text/plain) in CBT.V508.FILE404.PDS, moved to PDS/DATAAREA
2025-04-04 09:12:18.151791 - Found DISPAOF.txt (text/plain) in CBT.V508.FILE404.PDS, moved to PDS/DISPAOF
2025-04-04 09:12:18.151913 - Found EF.txt (text/plain) in CBT.V508.FILE404.PDS, moved to PDS/EF
2025-04-04 09:12:18.152036 - Found EQUATES.txt (text/plain) in CBT.V508.FILE404.PDS, moved to PDS/EQUATES
2025-04-04 09:12:18.152151 - Found EXASK.txt (text/plain) in CBT.V508.FILE404.PDS, moved to PDS/EXASK
2025-04-04 09:12:18.152272 - Found EXCHKSPL.txt (text/plain) in CBT.V508.FILE404.PDS, moved to PDS/EXCHKSPL
2025-04-04 09:12:18.152386 - Found EXJOBS.txt (text/plain) in CBT.V508.FILE404.PDS, moved to PDS/EXJOBS
2025-04-04 09:12:18.152507 - Found EXSTVTAM.txt (text/plain) in CBT.V508.FILE404.PDS, moved to PDS/EXSTVTAM
2025-04-04 09:12:18.152622 - Found EYE.txt (text/plain) in CBT.V508.FILE404.PDS, moved to PDS/EYE
2025-04-04 09:12:18.152750 - Found EYECATCH.txt (text/plain) in CBT.V508.FILE404.PDS, moved to PDS/EYECATCH
2025-04-04 09:12:18.152871 - Found FORMAT.txt (text/plain) in CBT.V508.FILE404.PDS, moved to PDS/FORMAT
2025-04-04 09:12:18.152988 - Found GENMTAPE.jcl (text/plain) in CBT.V508.FILE404.PDS, moved to PDS/GENMTAPE
2025-04-04 09:12:18.153109 - Found GENTAPE.jcl (text/plain) in CBT.V508.FILE404.PDS, moved to PDS/GENTAPE
2025-04-04 09:12:18.153233 - Found GETCVT.txt (text/plain) in CBT.V508.FILE404.PDS, moved to PDS/GETCVT
2025-04-04 09:12:18.153366 - Found ISXA.txt (text/plain) in CBT.V508.FILE404.PDS, moved to PDS/ISXA
2025-04-04 09:12:18.153477 - Found JCECVT.txt (text/plain) in CBT.V508.FILE404.PDS, moved to PDS/JCECVT
2025-04-04 09:12:18.153593 - Found LINKLIST.txt (text/plain) in CBT.V508.FILE404.PDS, moved to PDS/LINKLIST
2025-04-04 09:12:18.153724 - Found LIONRPLY.txt (text/plain) in CBT.V508.FILE404.PDS, moved to PDS/LIONRPLY
2025-04-04 09:12:18.153848 - Found MENTER.txt (text/plain) in CBT.V508.FILE404.PDS, moved to PDS/MENTER
2025-04-04 09:12:18.153965 - Found MLEAVE.txt (text/plain) in CBT.V508.FILE404.PDS, moved to PDS/MLEAVE
2025-04-04 09:12:18.154088 - Found MPFLSTSE.txt (text/plain) in CBT.V508.FILE404.PDS, moved to PDS/MPFLSTSE
2025-04-04 09:12:18.154205 - Found MULT.txt (text/plain) in CBT.V508.FILE404.PDS, moved to PDS/MULT
2025-04-04 09:12:18.154315 - Found NCFOSATH.txt (text/plain) in CBT.V508.FILE404.PDS, moved to PDS/NCFOSATH
2025-04-04 09:12:18.154430 - Found NCFOSCMD.txt (text/plain) in CBT.V508.FILE404.PDS, moved to PDS/NCFOSCMD
2025-04-04 09:12:18.154548 - Found OPCMDMSG.txt (text/plain) in CBT.V508.FILE404.PDS, moved to PDS/OPCMDMSG
2025-04-04 09:12:18.154659 - Found ORIGAOF.txt (text/plain) in CBT.V508.FILE404.PDS, moved to PDS/ORIGAOF
2025-04-04 09:12:18.154774 - Found OSASK.txt (text/plain) in CBT.V508.FILE404.PDS, moved to PDS/OSASK
2025-04-04 09:12:18.154894 - Found OSASKX.txt (text/plain) in CBT.V508.FILE404.PDS, moved to PDS/OSASKX
2025-04-04 09:12:18.155023 - Found OSASKY.txt (text/plain) in CBT.V508.FILE404.PDS, moved to PDS/OSASKY
2025-04-04 09:12:18.155168 - Found OSCMD.txt (text/plain) in CBT.V508.FILE404.PDS, moved to PDS/OSCMD
2025-04-04 09:12:18.155285 - Found OSCMDATH.txt (text/plain) in CBT.V508.FILE404.PDS, moved to PDS/OSCMDATH
2025-04-04 09:12:18.155404 - Found OSCMDICB.txt (text/plain) in CBT.V508.FILE404.PDS, moved to PDS/OSCMDICB
2025-04-04 09:12:18.155519 - Found OSPAUSE.txt (text/plain) in CBT.V508.FILE404.PDS, moved to PDS/OSPAUSE
2025-04-04 09:12:18.155643 - Found OSWAIT.txt (text/plain) in CBT.V508.FILE404.PDS, moved to PDS/OSWAIT
2025-04-04 09:12:18.155758 - Found OSWAITRC.txt (text/plain) in CBT.V508.FILE404.PDS, moved to PDS/OSWAITRC
2025-04-04 09:12:18.155869 - Found OSWTO.txt (text/plain) in CBT.V508.FILE404.PDS, moved to PDS/OSWTO
2025-04-04 09:12:18.155997 - Found PDSLOAD.xmi (application/xmit) in CBT.V508.FILE404.PDS, moved to PDS/PDSLOAD.xmi
2025-04-04 09:12:18.160634 - Received WSBG.LOAD from PDSLOAD.xmi 
2025-04-04 09:12:18.160974 - Found PDSLOAD.bin (application/octet-stream) in WSBG.LOAD, moved to PDSLOAD/PDSLOAD
2025-04-04 09:12:18.161257 - Found PSIASM.jcl (text/plain) in CBT.V508.FILE404.PDS, moved to PDS/PSIASM
2025-04-04 09:12:18.161383 - Found PTFS42.txt (text/plain) in CBT.V508.FILE404.PDS, moved to PDS/PTFS42
2025-04-04 09:12:18.161515 - Found PTFS43.txt (text/plain) in CBT.V508.FILE404.PDS, moved to PDS/PTFS43
2025-04-04 09:12:18.161642 - Found RELGDE41.txt (text/plain) in CBT.V508.FILE404.PDS, moved to PDS/RELGDE41
2025-04-04 09:12:18.161758 - Found RELGDE42.txt (text/plain) in CBT.V508.FILE404.PDS, moved to PDS/RELGDE42
2025-04-04 09:12:18.161876 - Found RELGDE43.txt (text/plain) in CBT.V508.FILE404.PDS, moved to PDS/RELGDE43
2025-04-04 09:12:18.161997 - Found REPLY.txt (text/plain) in CBT.V508.FILE404.PDS, moved to PDS/REPLY
2025-04-04 09:12:18.162115 - Found REPLYLOA.txt (text/plain) in CBT.V508.FILE404.PDS, moved to PDS/REPLYLOA
2025-04-04 09:12:18.162253 - Found REPLYLOB.txt (text/plain) in CBT.V508.FILE404.PDS, moved to PDS/REPLYLOB
2025-04-04 09:12:18.162365 - Found RPSASM.jcl (text/plain) in CBT.V508.FILE404.PDS, moved to PDS/RPSASM
2025-04-04 09:12:18.162487 - Found RUNASM.jcl (text/plain) in CBT.V508.FILE404.PDS, moved to PDS/RUNASM
2025-04-04 09:12:18.162614 - Found SAMPPARM.txt (text/plain) in CBT.V508.FILE404.PDS, moved to PDS/SAMPPARM
2025-04-04 09:12:18.162753 - Found SEAGUGIP.txt (text/plain) in CBT.V508.FILE404.PDS, moved to PDS/SEAGUGIP
2025-04-04 09:12:18.162868 - Found SEAGUGJC.jcl (text/plain) in CBT.V508.FILE404.PDS, moved to PDS/SEAGUGJC
2025-04-04 09:12:18.162994 - Found SEAGUGOP.txt (text/plain) in CBT.V508.FILE404.PDS, moved to PDS/SEAGUGOP
2025-04-04 09:12:18.163114 - Found SETMODE.txt (text/plain) in CBT.V508.FILE404.PDS, moved to PDS/SETMODE
2025-04-04 09:12:18.163236 - Found SETPARSE.txt (text/plain) in CBT.V508.FILE404.PDS, moved to PDS/SETPARSE
2025-04-04 09:12:18.163350 - Found SPMON.txt (text/plain) in CBT.V508.FILE404.PDS, moved to PDS/SPMON
2025-04-04 09:12:18.163468 - Found SSCONCB.txt (text/plain) in CBT.V508.FILE404.PDS, moved to PDS/SSCONCB
2025-04-04 09:12:18.163595 - Found SSCONCBH.txt (text/plain) in CBT.V508.FILE404.PDS, moved to PDS/SSCONCBH
2025-04-04 09:12:18.163724 - Found SSID.txt (text/plain) in CBT.V508.FILE404.PDS, moved to PDS/SSID
2025-04-04 09:12:18.163854 - Found TABEND.txt (text/plain) in CBT.V508.FILE404.PDS, moved to PDS/TABEND
2025-04-04 09:12:18.163985 - Found TABENTRY.txt (text/plain) in CBT.V508.FILE404.PDS, moved to PDS/TABENTRY
2025-04-04 09:12:18.164114 - Found TABSTART.txt (text/plain) in CBT.V508.FILE404.PDS, moved to PDS/TABSTART
2025-04-04 09:12:18.164236 - Found TAOFNTRY.txt (text/plain) in CBT.V508.FILE404.PDS, moved to PDS/TAOFNTRY
2025-04-04 09:12:18.164354 - Found TLINE.txt (text/plain) in CBT.V508.FILE404.PDS, moved to PDS/TLINE
2025-04-04 09:12:18.164491 - Found TSSLRACF.txt (text/plain) in CBT.V508.FILE404.PDS, moved to PDS/TSSLRACF
2025-04-04 09:12:18.164606 - Found TSSO.txt (text/plain) in CBT.V508.FILE404.PDS, moved to PDS/TSSO
2025-04-04 09:12:18.164729 - Found TSSOCCMD.txt (text/plain) in CBT.V508.FILE404.PDS, moved to PDS/TSSOCCMD
2025-04-04 09:12:18.164854 - Found TSSOCMND.txt (text/plain) in CBT.V508.FILE404.PDS, moved to PDS/TSSOCMND
2025-04-04 09:12:18.164973 - Found TSSOCVT.txt (text/plain) in CBT.V508.FILE404.PDS, moved to PDS/TSSOCVT
2025-04-04 09:12:18.165085 - Found TSSODATD.txt (text/plain) in CBT.V508.FILE404.PDS, moved to PDS/TSSODATD
2025-04-04 09:12:18.165218 - Found TSSODOCM.txt (text/plain) in CBT.V508.FILE404.PDS, moved to PDS/TSSODOCM
2025-04-04 09:12:18.165337 - Found TSSOESTA.txt (text/plain) in CBT.V508.FILE404.PDS, moved to PDS/TSSOESTA
2025-04-04 09:12:18.165453 - Found TSSOGAPF.txt (text/plain) in CBT.V508.FILE404.PDS, moved to PDS/TSSOGAPF
2025-04-04 09:12:18.165567 - Found TSSOGSSC.txt (text/plain) in CBT.V508.FILE404.PDS, moved to PDS/TSSOGSSC
2025-04-04 09:12:18.165688 - Found TSSOINIT.txt (text/plain) in CBT.V508.FILE404.PDS, moved to PDS/TSSOINIT
2025-04-04 09:12:18.165809 - Found TSSOINI1.txt (text/plain) in CBT.V508.FILE404.PDS, moved to PDS/TSSOINI1
2025-04-04 09:12:18.165930 - Found TSSOINI2.txt (text/plain) in CBT.V508.FILE404.PDS, moved to PDS/TSSOINI2
2025-04-04 09:12:18.166048 - Found TSSOINI3.txt (text/plain) in CBT.V508.FILE404.PDS, moved to PDS/TSSOINI3
2025-04-04 09:12:18.166174 - Found TSSOINI4.txt (text/plain) in CBT.V508.FILE404.PDS, moved to PDS/TSSOINI4
2025-04-04 09:12:18.166304 - Found TSSOINI5.txt (text/plain) in CBT.V508.FILE404.PDS, moved to PDS/TSSOINI5
2025-04-04 09:12:18.166417 - Found TSSOLAOF.txt (text/plain) in CBT.V508.FILE404.PDS, moved to PDS/TSSOLAOF
2025-04-04 09:12:18.166525 - Found TSSOMAIN.txt (text/plain) in CBT.V508.FILE404.PDS, moved to PDS/TSSOMAIN
2025-04-04 09:12:18.166642 - Found TSSONDSA.txt (text/plain) in CBT.V508.FILE404.PDS, moved to PDS/TSSONDSA
2025-04-04 09:12:18.166767 - Found TSSOPARS.txt (text/plain) in CBT.V508.FILE404.PDS, moved to PDS/TSSOPARS
2025-04-04 09:12:18.166878 - Found TSSOPCMD.txt (text/plain) in CBT.V508.FILE404.PDS, moved to PDS/TSSOPCMD
2025-04-04 09:12:18.167001 - Found TSSOPREC.txt (text/plain) in CBT.V508.FILE404.PDS, moved to PDS/TSSOPREC
2025-04-04 09:12:18.167150 - Found TSSOPROC.txt (text/plain) in CBT.V508.FILE404.PDS, moved to PDS/TSSOPROC
2025-04-04 09:12:18.167293 - Found TSSORATH.txt (text/plain) in CBT.V508.FILE404.PDS, moved to PDS/TSSORATH
2025-04-04 09:12:18.167435 - Found TSSOSECR.txt (text/plain) in CBT.V508.FILE404.PDS, moved to PDS/TSSOSECR
2025-04-04 09:12:18.167581 - Found TSSOSS09.txt (text/plain) in CBT.V508.FILE404.PDS, moved to PDS/TSSOSS09
2025-04-04 09:12:18.167742 - Found TSSOSS10.txt (text/plain) in CBT.V508.FILE404.PDS, moved to PDS/TSSOSS10
2025-04-04 09:12:18.167872 - Found TSSOTERM.txt (text/plain) in CBT.V508.FILE404.PDS, moved to PDS/TSSOTERM
2025-04-04 09:12:18.168004 - Found TSSOWTO.txt (text/plain) in CBT.V508.FILE404.PDS, moved to PDS/TSSOWTO
2025-04-04 09:12:18.168145 - Found TSS0INI2.txt (text/plain) in CBT.V508.FILE404.PDS, moved to PDS/TSS0INI2
2025-04-04 09:12:18.168377 - Found UG43IMPT.bin (application/octet-stream) in CBT.V508.FILE404.PDS, moved to PDS/UG43IMPT
2025-04-04 09:12:18.168566 - Found UG43RAW.txt (text/plain) in CBT.V508.FILE404.PDS, moved to PDS/UG43RAW
2025-04-04 09:12:18.168743 - Found UG43TERM.txt (text/plain) in CBT.V508.FILE404.PDS, moved to PDS/UG43TERM
2025-04-04 09:12:18.168891 - Found UNDERTSO.txt (text/plain) in CBT.V508.FILE404.PDS, moved to PDS/UNDERTSO
2025-04-04 09:12:18.169043 - Found USEGDE41.txt (text/plain) in CBT.V508.FILE404.PDS, moved to PDS/USEGDE41
2025-04-04 09:12:18.169230 - Found USEGDE42.bin (application/octet-stream) in CBT.V508.FILE404.PDS, moved to PDS/USEGDE42
2025-04-04 09:12:18.169379 - Found VALLOC.txt (text/plain) in CBT.V508.FILE404.PDS, moved to PDS/VALLOC
2025-04-04 09:12:18.169528 - Found VOLSER.txt (text/plain) in CBT.V508.FILE404.PDS, moved to PDS/VOLSER
2025-04-04 09:12:18.169698 - Found WORKS9A.txt (text/plain) in CBT.V508.FILE404.PDS, moved to PDS/WORKS9A
2025-04-04 09:12:18.169863 - Found XSSOSS09.txt (text/plain) in CBT.V508.FILE404.PDS, moved to PDS/XSSOSS09
2025-04-04 09:12:18.170003 - Found XXX.txt (text/plain) in CBT.V508.FILE404.PDS, moved to PDS/XXX
